// 重构日志: a26c9abb
// 重构日志: 94788e4c
// 重构日志: 31d4e50e
// 重构日志: 94ade6f8
// 重构日志: 151c2620
// 重构日志: 05ee51f7
// 重构日志: 17f57f3c
// 同步 ID: 5b687cb5 @ Sat Jun 27 14:28:59 UTC 2026
// 重构日志: 90651980
// 重构日志: 15a38441
// 重构日志: f7fd5076
// 重构日志: a357fdb9
// 重构日志: ef23c095
// 重构日志: d1640bc7
// 重构日志: 435b2d9b
// 重构日志: 66465a48
// 重构日志: c34e888e
// 同步 ID: 297e3cb8 @ Thu Jul  2 15:19:24 UTC 2026
// 同步 ID: 75518ec6 @ Thu Jul  2 17:57:39 UTC 2026
// 重构日志: 3cc810bd
// 重构日志: f418d3d3
// 重构日志: e9eeea38
// 重构日志: 8d75796f
// 同步 ID: fbf35ba7 @ Sat Jul  4 16:57:22 UTC 2026
// 重构日志: 73090755
// 重构日志: 95cd848d
// 重构日志: 9d7934a6
// 重构日志: 48b1951f
// 重构日志: 782d4398
// 同步 ID: 79c0decc @ Tue Jul  7 09:18:10 UTC 2026
// 重构日志: 135d6a17
// 重构日志: 94a42eae
// 重构日志: 38cbc8c5
// 重构日志: 589e3fe1
// 重构日志: 1ea98104
